<?xml version="1.0" encoding="UTF-8"?>
<testsuite xmlns:xsi="http://www.w3.org/2001/XMLSchema-instance" xsi:noNamespaceSchemaLocation="https://maven.apache.org/surefire/maven-surefire-plugin/xsd/surefire-test-report.xsd" name="TestSuite" time="9.063" tests="4" errors="0" skipped="0" failures="0">
  <properties>
    <property name="gopherProxySet" value="false"/>
    <property name="awt.toolkit" value="sun.lwawt.macosx.LWCToolkit"/>
    <property name="java.specification.version" value="9"/>
    <property name="file.encoding.pkg" value="sun.io"/>
    <property name="sun.cpu.isalist" value=""/>
    <property name="sun.jnu.encoding" value="UTF-8"/>
    <property name="java.class.path" value="/Users/vglotov/git/RestAPICourse/RESTAssuredTest/target/test-classes:/Users/vglotov/git/RestAPICourse/RESTAssuredTest/target/classes:/Users/vglotov/.m2/repository/junit/junit/3.8.1/junit-3.8.1.jar:/Users/vglotov/.m2/repository/io/rest-assured/rest-assured/3.1.0/rest-assured-3.1.0.jar:/Users/vglotov/.m2/repository/org/codehaus/groovy/groovy/2.4.12/groovy-2.4.12.jar:/Users/vglotov/.m2/repository/org/codehaus/groovy/groovy-xml/2.4.12/groovy-xml-2.4.12.jar:/Users/vglotov/.m2/repository/org/apache/httpcomponents/httpclient/4.5.3/httpclient-4.5.3.jar:/Users/vglotov/.m2/repository/org/apache/httpcomponents/httpcore/4.4.6/httpcore-4.4.6.jar:/Users/vglotov/.m2/repository/commons-logging/commons-logging/1.2/commons-logging-1.2.jar:/Users/vglotov/.m2/repository/commons-codec/commons-codec/1.9/commons-codec-1.9.jar:/Users/vglotov/.m2/repository/org/apache/httpcomponents/httpmime/4.5.1/httpmime-4.5.1.jar:/Users/vglotov/.m2/repository/org/hamcrest/hamcrest-core/1.3/hamcrest-core-1.3.jar:/Users/vglotov/.m2/repository/org/hamcrest/hamcrest-library/1.3/hamcrest-library-1.3.jar:/Users/vglotov/.m2/repository/org/ccil/cowan/tagsoup/tagsoup/1.2.1/tagsoup-1.2.1.jar:/Users/vglotov/.m2/repository/io/rest-assured/json-path/3.1.0/json-path-3.1.0.jar:/Users/vglotov/.m2/repository/org/codehaus/groovy/groovy-json/2.4.12/groovy-json-2.4.12.jar:/Users/vglotov/.m2/repository/io/rest-assured/rest-assured-common/3.1.0/rest-assured-common-3.1.0.jar:/Users/vglotov/.m2/repository/io/rest-assured/xml-path/3.1.0/xml-path-3.1.0.jar:/Users/vglotov/.m2/repository/org/apache/commons/commons-lang3/3.4/commons-lang3-3.4.jar:/Users/vglotov/.m2/repository/javax/xml/bind/jaxb-api/2.2.12/jaxb-api-2.2.12.jar:/Users/vglotov/.m2/repository/io/rest-assured/json-schema-validator/3.1.0/json-schema-validator-3.1.0.jar:/Users/vglotov/.m2/repository/com/github/fge/json-schema-validator/2.2.6/json-schema-validator-2.2.6.jar:/Users/vglotov/.m2/repository/com/google/code/findbugs/jsr305/3.0.0/jsr305-3.0.0.jar:/Users/vglotov/.m2/repository/joda-time/joda-time/2.3/joda-time-2.3.jar:/Users/vglotov/.m2/repository/com/googlecode/libphonenumber/libphonenumber/6.2/libphonenumber-6.2.jar:/Users/vglotov/.m2/repository/com/github/fge/json-schema-core/1.2.5/json-schema-core-1.2.5.jar:/Users/vglotov/.m2/repository/com/github/fge/uri-template/0.9/uri-template-0.9.jar:/Users/vglotov/.m2/repository/com/github/fge/msg-simple/1.1/msg-simple-1.1.jar:/Users/vglotov/.m2/repository/com/github/fge/btf/1.2/btf-1.2.jar:/Users/vglotov/.m2/repository/com/google/guava/guava/16.0.1/guava-16.0.1.jar:/Users/vglotov/.m2/repository/com/github/fge/jackson-coreutils/1.8/jackson-coreutils-1.8.jar:/Users/vglotov/.m2/repository/com/fasterxml/jackson/core/jackson-databind/2.2.3/jackson-databind-2.2.3.jar:/Users/vglotov/.m2/repository/com/fasterxml/jackson/core/jackson-annotations/2.2.3/jackson-annotations-2.2.3.jar:/Users/vglotov/.m2/repository/com/fasterxml/jackson/core/jackson-core/2.2.3/jackson-core-2.2.3.jar:/Users/vglotov/.m2/repository/org/mozilla/rhino/1.7R4/rhino-1.7R4.jar:/Users/vglotov/.m2/repository/javax/mail/mailapi/1.4.3/mailapi-1.4.3.jar:/Users/vglotov/.m2/repository/javax/activation/activation/1.1/activation-1.1.jar:/Users/vglotov/.m2/repository/net/sf/jopt-simple/jopt-simple/4.6/jopt-simple-4.6.jar:/Users/vglotov/.m2/repository/org/testng/testng/6.9.9/testng-6.9.9.jar:/Users/vglotov/.m2/repository/com/beust/jcommander/1.48/jcommander-1.48.jar:/Users/vglotov/.m2/repository/org/apache/ant/ant/1.7.0/ant-1.7.0.jar:/Users/vglotov/.m2/repository/org/apache/ant/ant-launcher/1.7.0/ant-launcher-1.7.0.jar:/Users/vglotov/.m2/repository/org/yaml/snakeyaml/1.15/snakeyaml-1.15.jar:/Users/vglotov/.m2/repository/org/beanshell/bsh/2.0b4/bsh-2.0b4.jar:/Users/vglotov/.m2/repository/org/apache/logging/log4j/log4j-api/2.2/log4j-api-2.2.jar:/Users/vglotov/.m2/repository/org/apache/logging/log4j/log4j-core/2.2/log4j-core-2.2.jar:/Users/vglotov/.m2/repository/com/aventstack/extentreports/3.1.5/extentreports-3.1.5.jar:/Users/vglotov/.m2/repository/org/freemarker/freemarker/2.3.23/freemarker-2.3.23.jar:/Users/vglotov/.m2/repository/org/mongodb/mongodb-driver/3.3.0/mongodb-driver-3.3.0.jar:/Users/vglotov/.m2/repository/org/mongodb/bson/3.3.0/bson-3.3.0.jar:/Users/vglotov/.m2/repository/org/mongodb/mongodb-driver-core/3.3.0/mongodb-driver-core-3.3.0.jar:/Users/vglotov/.m2/repository/org/jsoup/jsoup/1.9.2/jsoup-1.9.2.jar:/Users/vglotov/.m2/repository/com/google/code/gson/gson/2.8.0/gson-2.8.0.jar:/Users/vglotov/.m2/repository/com/relevantcodes/extentreports/2.41.2/extentreports-2.41.2.jar:/Users/vglotov/.m2/repository/org/xerial/sqlite-jdbc/3.8.11.1/sqlite-jdbc-3.8.11.1.jar:/Users/vglotov/.m2/repository/org/apache/maven/surefire/surefire-testng-utils/2.21.0/surefire-testng-utils-2.21.0.jar:/Users/vglotov/.m2/repository/org/apache/maven/surefire/surefire-grouper/2.21.0/surefire-grouper-2.21.0.jar:"/>
    <property name="java.vm.vendor" value="Oracle Corporation"/>
    <property name="sun.arch.data.model" value="64"/>
    <property name="java.vendor.url" value="http://java.oracle.com/"/>
    <property name="user.timezone" value=""/>
    <property name="java.vm.specification.version" value="9"/>
    <property name="os.name" value="Mac OS X"/>
    <property name="sun.java.launcher" value="SUN_STANDARD"/>
    <property name="user.country" value="RU"/>
    <property name="sun.boot.library.path" value="/Library/Java/JavaVirtualMachines/jdk-9.0.4.jdk/Contents/Home/lib"/>
    <property name="sun.java.command" value="/Users/vglotov/git/RestAPICourse/RESTAssuredTest/target/surefire/surefirebooter3112546868734062493.jar /Users/vglotov/git/RestAPICourse/RESTAssuredTest/target/surefire 2018-06-21T19-13-38_963-jvmRun1 surefire9904302904073370511tmp surefire_03567813900450859460tmp"/>
    <property name="http.nonProxyHosts" value="local|*.local|169.254/16|*.169.254/16"/>
    <property name="jdk.debug" value="release"/>
    <property name="surefire.test.class.path" value="/Users/vglotov/git/RestAPICourse/RESTAssuredTest/target/test-classes:/Users/vglotov/git/RestAPICourse/RESTAssuredTest/target/classes:/Users/vglotov/.m2/repository/junit/junit/3.8.1/junit-3.8.1.jar:/Users/vglotov/.m2/repository/io/rest-assured/rest-assured/3.1.0/rest-assured-3.1.0.jar:/Users/vglotov/.m2/repository/org/codehaus/groovy/groovy/2.4.12/groovy-2.4.12.jar:/Users/vglotov/.m2/repository/org/codehaus/groovy/groovy-xml/2.4.12/groovy-xml-2.4.12.jar:/Users/vglotov/.m2/repository/org/apache/httpcomponents/httpclient/4.5.3/httpclient-4.5.3.jar:/Users/vglotov/.m2/repository/org/apache/httpcomponents/httpcore/4.4.6/httpcore-4.4.6.jar:/Users/vglotov/.m2/repository/commons-logging/commons-logging/1.2/commons-logging-1.2.jar:/Users/vglotov/.m2/repository/commons-codec/commons-codec/1.9/commons-codec-1.9.jar:/Users/vglotov/.m2/repository/org/apache/httpcomponents/httpmime/4.5.1/httpmime-4.5.1.jar:/Users/vglotov/.m2/repository/org/hamcrest/hamcrest-core/1.3/hamcrest-core-1.3.jar:/Users/vglotov/.m2/repository/org/hamcrest/hamcrest-library/1.3/hamcrest-library-1.3.jar:/Users/vglotov/.m2/repository/org/ccil/cowan/tagsoup/tagsoup/1.2.1/tagsoup-1.2.1.jar:/Users/vglotov/.m2/repository/io/rest-assured/json-path/3.1.0/json-path-3.1.0.jar:/Users/vglotov/.m2/repository/org/codehaus/groovy/groovy-json/2.4.12/groovy-json-2.4.12.jar:/Users/vglotov/.m2/repository/io/rest-assured/rest-assured-common/3.1.0/rest-assured-common-3.1.0.jar:/Users/vglotov/.m2/repository/io/rest-assured/xml-path/3.1.0/xml-path-3.1.0.jar:/Users/vglotov/.m2/repository/org/apache/commons/commons-lang3/3.4/commons-lang3-3.4.jar:/Users/vglotov/.m2/repository/javax/xml/bind/jaxb-api/2.2.12/jaxb-api-2.2.12.jar:/Users/vglotov/.m2/repository/io/rest-assured/json-schema-validator/3.1.0/json-schema-validator-3.1.0.jar:/Users/vglotov/.m2/repository/com/github/fge/json-schema-validator/2.2.6/json-schema-validator-2.2.6.jar:/Users/vglotov/.m2/repository/com/google/code/findbugs/jsr305/3.0.0/jsr305-3.0.0.jar:/Users/vglotov/.m2/repository/joda-time/joda-time/2.3/joda-time-2.3.jar:/Users/vglotov/.m2/repository/com/googlecode/libphonenumber/libphonenumber/6.2/libphonenumber-6.2.jar:/Users/vglotov/.m2/repository/com/github/fge/json-schema-core/1.2.5/json-schema-core-1.2.5.jar:/Users/vglotov/.m2/repository/com/github/fge/uri-template/0.9/uri-template-0.9.jar:/Users/vglotov/.m2/repository/com/github/fge/msg-simple/1.1/msg-simple-1.1.jar:/Users/vglotov/.m2/repository/com/github/fge/btf/1.2/btf-1.2.jar:/Users/vglotov/.m2/repository/com/google/guava/guava/16.0.1/guava-16.0.1.jar:/Users/vglotov/.m2/repository/com/github/fge/jackson-coreutils/1.8/jackson-coreutils-1.8.jar:/Users/vglotov/.m2/repository/com/fasterxml/jackson/core/jackson-databind/2.2.3/jackson-databind-2.2.3.jar:/Users/vglotov/.m2/repository/com/fasterxml/jackson/core/jackson-annotations/2.2.3/jackson-annotations-2.2.3.jar:/Users/vglotov/.m2/repository/com/fasterxml/jackson/core/jackson-core/2.2.3/jackson-core-2.2.3.jar:/Users/vglotov/.m2/repository/org/mozilla/rhino/1.7R4/rhino-1.7R4.jar:/Users/vglotov/.m2/repository/javax/mail/mailapi/1.4.3/mailapi-1.4.3.jar:/Users/vglotov/.m2/repository/javax/activation/activation/1.1/activation-1.1.jar:/Users/vglotov/.m2/repository/net/sf/jopt-simple/jopt-simple/4.6/jopt-simple-4.6.jar:/Users/vglotov/.m2/repository/org/testng/testng/6.9.9/testng-6.9.9.jar:/Users/vglotov/.m2/repository/com/beust/jcommander/1.48/jcommander-1.48.jar:/Users/vglotov/.m2/repository/org/apache/ant/ant/1.7.0/ant-1.7.0.jar:/Users/vglotov/.m2/repository/org/apache/ant/ant-launcher/1.7.0/ant-launcher-1.7.0.jar:/Users/vglotov/.m2/repository/org/yaml/snakeyaml/1.15/snakeyaml-1.15.jar:/Users/vglotov/.m2/repository/org/beanshell/bsh/2.0b4/bsh-2.0b4.jar:/Users/vglotov/.m2/repository/org/apache/logging/log4j/log4j-api/2.2/log4j-api-2.2.jar:/Users/vglotov/.m2/repository/org/apache/logging/log4j/log4j-core/2.2/log4j-core-2.2.jar:/Users/vglotov/.m2/repository/com/aventstack/extentreports/3.1.5/extentreports-3.1.5.jar:/Users/vglotov/.m2/repository/org/freemarker/freemarker/2.3.23/freemarker-2.3.23.jar:/Users/vglotov/.m2/repository/org/mongodb/mongodb-driver/3.3.0/mongodb-driver-3.3.0.jar:/Users/vglotov/.m2/repository/org/mongodb/bson/3.3.0/bson-3.3.0.jar:/Users/vglotov/.m2/repository/org/mongodb/mongodb-driver-core/3.3.0/mongodb-driver-core-3.3.0.jar:/Users/vglotov/.m2/repository/org/jsoup/jsoup/1.9.2/jsoup-1.9.2.jar:/Users/vglotov/.m2/repository/com/google/code/gson/gson/2.8.0/gson-2.8.0.jar:/Users/vglotov/.m2/repository/com/relevantcodes/extentreports/2.41.2/extentreports-2.41.2.jar:/Users/vglotov/.m2/repository/org/xerial/sqlite-jdbc/3.8.11.1/sqlite-jdbc-3.8.11.1.jar:/Users/vglotov/.m2/repository/org/apache/maven/surefire/surefire-testng-utils/2.21.0/surefire-testng-utils-2.21.0.jar:/Users/vglotov/.m2/repository/org/apache/maven/surefire/surefire-grouper/2.21.0/surefire-grouper-2.21.0.jar:"/>
    <property name="sun.cpu.endian" value="little"/>
    <property name="user.home" value="/Users/vglotov"/>
    <property name="user.language" value="en"/>
    <property name="java.specification.vendor" value="Oracle Corporation"/>
    <property name="java.home" value="/Library/Java/JavaVirtualMachines/jdk-9.0.4.jdk/Contents/Home"/>
    <property name="file.separator" value="/"/>
    <property name="basedir" value="/Users/vglotov/git/RestAPICourse/RESTAssuredTest"/>
    <property name="java.vm.compressedOopsMode" value="Zero based"/>
    <property name="line.separator" value="&#10;"/>
    <property name="java.specification.name" value="Java Platform API Specification"/>
    <property name="java.vm.specification.vendor" value="Oracle Corporation"/>
    <property name="java.awt.graphicsenv" value="sun.awt.CGraphicsEnvironment"/>
    <property name="surefire.real.class.path" value="/Users/vglotov/git/RestAPICourse/RESTAssuredTest/target/surefire/surefirebooter3112546868734062493.jar"/>
    <property name="sun.management.compiler" value="HotSpot 64-Bit Tiered Compilers"/>
    <property name="ftp.nonProxyHosts" value="local|*.local|169.254/16|*.169.254/16"/>
    <property name="java.runtime.version" value="9.0.4+11"/>
    <property name="user.name" value="vglotov"/>
    <property name="path.separator" value=":"/>
    <property name="os.version" value="10.13.4"/>
    <property name="java.runtime.name" value="Java(TM) SE Runtime Environment"/>
    <property name="file.encoding" value="UTF-8"/>
    <property name="java.vm.name" value="Java HotSpot(TM) 64-Bit Server VM"/>
    <property name="localRepository" value="/Users/vglotov/.m2/repository"/>
    <property name="java.vendor.url.bug" value="http://bugreport.java.com/bugreport/"/>
    <property name="java.io.tmpdir" value="/var/folders/04/hskntp815_x64jk__dn3s4rc0000gp/T/"/>
    <property name="java.version" value="9.0.4"/>
    <property name="user.dir" value="/Users/vglotov/git/RestAPICourse/RESTAssuredTest"/>
    <property name="os.arch" value="x86_64"/>
    <property name="java.vm.specification.name" value="Java Virtual Machine Specification"/>
    <property name="java.awt.printerjob" value="sun.lwawt.macosx.CPrinterJob"/>
    <property name="sun.os.patch.level" value="unknown"/>
    <property name="java.library.path" value="/Users/vglotov/Library/Java/Extensions:/Library/Java/Extensions:/Network/Library/Java/Extensions:/System/Library/Java/Extensions:/usr/lib/java:."/>
    <property name="java.vm.info" value="mixed mode"/>
    <property name="java.vendor" value="Oracle Corporation"/>
    <property name="java.vm.version" value="9.0.4+11"/>
    <property name="sun.io.unicode.encoding" value="UnicodeBig"/>
    <property name="java.class.version" value="53.0"/>
    <property name="socksNonProxyHosts" value="local|*.local|169.254/16|*.169.254/16"/>
  </properties>
  <testcase name="getPlaceTest" classname="TestFramework.Basics" time="4.492"/>
  <testcase name="extractingNames" classname="TestFramework.Basics5" time="0.762"/>
  <testcase name="addAndDeletePlace" classname="TestFramework.addAndDeletePlace" time="0.941"/>
  <testcase name="createPlace" classname="TestFramework.basic2Post" time="0.305"/>
</testsuite>