<?xml version="1.0" encoding="UTF-8"?>
<testsuite xmlns:xsi="http://www.w3.org/2001/XMLSchema-instance" xsi:noNamespaceSchemaLocation="https://maven.apache.org/surefire/maven-surefire-plugin/xsd/surefire-test-report.xsd" name="TestSuite" time="7.392" tests="5" errors="0" skipped="0" failures="0">
  <properties>
    <property name="sun.desktop" value="windows"/>
    <property name="awt.toolkit" value="sun.awt.windows.WToolkit"/>
    <property name="file.encoding.pkg" value="sun.io"/>
    <property name="java.specification.version" value="1.8"/>
    <property name="sun.cpu.isalist" value="amd64"/>
    <property name="sun.jnu.encoding" value="Cp1251"/>
    <property name="java.class.path" value="C:\Users\Владимир\IdeaProjects\RESTAssuredTest\target\test-classes;C:\Users\Владимир\IdeaProjects\RESTAssuredTest\target\classes;C:\Users\Владимир\.m2\repository\junit\junit\3.8.1\junit-3.8.1.jar;C:\Users\Владимир\.m2\repository\io\rest-assured\rest-assured\3.1.0\rest-assured-3.1.0.jar;C:\Users\Владимир\.m2\repository\org\codehaus\groovy\groovy\2.4.12\groovy-2.4.12.jar;C:\Users\Владимир\.m2\repository\org\codehaus\groovy\groovy-xml\2.4.12\groovy-xml-2.4.12.jar;C:\Users\Владимир\.m2\repository\org\apache\httpcomponents\httpclient\4.5.3\httpclient-4.5.3.jar;C:\Users\Владимир\.m2\repository\org\apache\httpcomponents\httpcore\4.4.6\httpcore-4.4.6.jar;C:\Users\Владимир\.m2\repository\commons-logging\commons-logging\1.2\commons-logging-1.2.jar;C:\Users\Владимир\.m2\repository\commons-codec\commons-codec\1.9\commons-codec-1.9.jar;C:\Users\Владимир\.m2\repository\org\apache\httpcomponents\httpmime\4.5.1\httpmime-4.5.1.jar;C:\Users\Владимир\.m2\repository\org\hamcrest\hamcrest-core\1.3\hamcrest-core-1.3.jar;C:\Users\Владимир\.m2\repository\org\hamcrest\hamcrest-library\1.3\hamcrest-library-1.3.jar;C:\Users\Владимир\.m2\repository\org\ccil\cowan\tagsoup\tagsoup\1.2.1\tagsoup-1.2.1.jar;C:\Users\Владимир\.m2\repository\io\rest-assured\json-path\3.1.0\json-path-3.1.0.jar;C:\Users\Владимир\.m2\repository\org\codehaus\groovy\groovy-json\2.4.12\groovy-json-2.4.12.jar;C:\Users\Владимир\.m2\repository\io\rest-assured\rest-assured-common\3.1.0\rest-assured-common-3.1.0.jar;C:\Users\Владимир\.m2\repository\io\rest-assured\xml-path\3.1.0\xml-path-3.1.0.jar;C:\Users\Владимир\.m2\repository\org\apache\commons\commons-lang3\3.4\commons-lang3-3.4.jar;C:\Users\Владимир\.m2\repository\javax\xml\bind\jaxb-api\2.2.12\jaxb-api-2.2.12.jar;C:\Users\Владимир\.m2\repository\io\rest-assured\json-schema-validator\3.1.0\json-schema-validator-3.1.0.jar;C:\Users\Владимир\.m2\repository\com\github\fge\json-schema-validator\2.2.6\json-schema-validator-2.2.6.jar;C:\Users\Владимир\.m2\repository\com\google\code\findbugs\jsr305\3.0.0\jsr305-3.0.0.jar;C:\Users\Владимир\.m2\repository\joda-time\joda-time\2.3\joda-time-2.3.jar;C:\Users\Владимир\.m2\repository\com\googlecode\libphonenumber\libphonenumber\6.2\libphonenumber-6.2.jar;C:\Users\Владимир\.m2\repository\com\github\fge\json-schema-core\1.2.5\json-schema-core-1.2.5.jar;C:\Users\Владимир\.m2\repository\com\github\fge\uri-template\0.9\uri-template-0.9.jar;C:\Users\Владимир\.m2\repository\com\github\fge\msg-simple\1.1\msg-simple-1.1.jar;C:\Users\Владимир\.m2\repository\com\github\fge\btf\1.2\btf-1.2.jar;C:\Users\Владимир\.m2\repository\com\google\guava\guava\16.0.1\guava-16.0.1.jar;C:\Users\Владимир\.m2\repository\com\github\fge\jackson-coreutils\1.8\jackson-coreutils-1.8.jar;C:\Users\Владимир\.m2\repository\com\fasterxml\jackson\core\jackson-databind\2.2.3\jackson-databind-2.2.3.jar;C:\Users\Владимир\.m2\repository\com\fasterxml\jackson\core\jackson-annotations\2.2.3\jackson-annotations-2.2.3.jar;C:\Users\Владимир\.m2\repository\com\fasterxml\jackson\core\jackson-core\2.2.3\jackson-core-2.2.3.jar;C:\Users\Владимир\.m2\repository\org\mozilla\rhino\1.7R4\rhino-1.7R4.jar;C:\Users\Владимир\.m2\repository\javax\mail\mailapi\1.4.3\mailapi-1.4.3.jar;C:\Users\Владимир\.m2\repository\javax\activation\activation\1.1\activation-1.1.jar;C:\Users\Владимир\.m2\repository\net\sf\jopt-simple\jopt-simple\4.6\jopt-simple-4.6.jar;C:\Users\Владимир\.m2\repository\org\testng\testng\6.14.3\testng-6.14.3.jar;C:\Users\Владимир\.m2\repository\com\beust\jcommander\1.72\jcommander-1.72.jar;C:\Users\Владимир\.m2\repository\org\apache-extras\beanshell\bsh\2.0b6\bsh-2.0b6.jar;C:\Users\Владимир\.m2\repository\org\apache\maven\surefire\surefire-testng-utils\2.21.0\surefire-testng-utils-2.21.0.jar;C:\Users\Владимир\.m2\repository\org\apache\maven\surefire\surefire-grouper\2.21.0\surefire-grouper-2.21.0.jar;"/>
    <property name="java.vm.vendor" value="Oracle Corporation"/>
    <property name="sun.arch.data.model" value="64"/>
    <property name="user.variant" value=""/>
    <property name="java.vendor.url" value="http://java.oracle.com/"/>
    <property name="user.timezone" value=""/>
    <property name="java.vm.specification.version" value="1.8"/>
    <property name="os.name" value="Windows 8.1"/>
    <property name="user.country" value="RU"/>
    <property name="sun.java.launcher" value="SUN_STANDARD"/>
    <property name="sun.boot.library.path" value="C:\Program Files\Java\jdk1.8.0_111\jre\bin"/>
    <property name="sun.java.command" value="C:\Users\18EE~1\AppData\Local\Temp\surefire4104592922970228916\surefirebooter8327940705419231389.jar C:\Users\Владимир\AppData\Local\Temp\surefire4104592922970228916 2018-06-15T23-28-15_245-jvmRun1 surefire5335360072468452268tmp surefire_0913315534909635724tmp"/>
    <property name="surefire.test.class.path" value="C:\Users\Владимир\IdeaProjects\RESTAssuredTest\target\test-classes;C:\Users\Владимир\IdeaProjects\RESTAssuredTest\target\classes;C:\Users\Владимир\.m2\repository\junit\junit\3.8.1\junit-3.8.1.jar;C:\Users\Владимир\.m2\repository\io\rest-assured\rest-assured\3.1.0\rest-assured-3.1.0.jar;C:\Users\Владимир\.m2\repository\org\codehaus\groovy\groovy\2.4.12\groovy-2.4.12.jar;C:\Users\Владимир\.m2\repository\org\codehaus\groovy\groovy-xml\2.4.12\groovy-xml-2.4.12.jar;C:\Users\Владимир\.m2\repository\org\apache\httpcomponents\httpclient\4.5.3\httpclient-4.5.3.jar;C:\Users\Владимир\.m2\repository\org\apache\httpcomponents\httpcore\4.4.6\httpcore-4.4.6.jar;C:\Users\Владимир\.m2\repository\commons-logging\commons-logging\1.2\commons-logging-1.2.jar;C:\Users\Владимир\.m2\repository\commons-codec\commons-codec\1.9\commons-codec-1.9.jar;C:\Users\Владимир\.m2\repository\org\apache\httpcomponents\httpmime\4.5.1\httpmime-4.5.1.jar;C:\Users\Владимир\.m2\repository\org\hamcrest\hamcrest-core\1.3\hamcrest-core-1.3.jar;C:\Users\Владимир\.m2\repository\org\hamcrest\hamcrest-library\1.3\hamcrest-library-1.3.jar;C:\Users\Владимир\.m2\repository\org\ccil\cowan\tagsoup\tagsoup\1.2.1\tagsoup-1.2.1.jar;C:\Users\Владимир\.m2\repository\io\rest-assured\json-path\3.1.0\json-path-3.1.0.jar;C:\Users\Владимир\.m2\repository\org\codehaus\groovy\groovy-json\2.4.12\groovy-json-2.4.12.jar;C:\Users\Владимир\.m2\repository\io\rest-assured\rest-assured-common\3.1.0\rest-assured-common-3.1.0.jar;C:\Users\Владимир\.m2\repository\io\rest-assured\xml-path\3.1.0\xml-path-3.1.0.jar;C:\Users\Владимир\.m2\repository\org\apache\commons\commons-lang3\3.4\commons-lang3-3.4.jar;C:\Users\Владимир\.m2\repository\javax\xml\bind\jaxb-api\2.2.12\jaxb-api-2.2.12.jar;C:\Users\Владимир\.m2\repository\io\rest-assured\json-schema-validator\3.1.0\json-schema-validator-3.1.0.jar;C:\Users\Владимир\.m2\repository\com\github\fge\json-schema-validator\2.2.6\json-schema-validator-2.2.6.jar;C:\Users\Владимир\.m2\repository\com\google\code\findbugs\jsr305\3.0.0\jsr305-3.0.0.jar;C:\Users\Владимир\.m2\repository\joda-time\joda-time\2.3\joda-time-2.3.jar;C:\Users\Владимир\.m2\repository\com\googlecode\libphonenumber\libphonenumber\6.2\libphonenumber-6.2.jar;C:\Users\Владимир\.m2\repository\com\github\fge\json-schema-core\1.2.5\json-schema-core-1.2.5.jar;C:\Users\Владимир\.m2\repository\com\github\fge\uri-template\0.9\uri-template-0.9.jar;C:\Users\Владимир\.m2\repository\com\github\fge\msg-simple\1.1\msg-simple-1.1.jar;C:\Users\Владимир\.m2\repository\com\github\fge\btf\1.2\btf-1.2.jar;C:\Users\Владимир\.m2\repository\com\google\guava\guava\16.0.1\guava-16.0.1.jar;C:\Users\Владимир\.m2\repository\com\github\fge\jackson-coreutils\1.8\jackson-coreutils-1.8.jar;C:\Users\Владимир\.m2\repository\com\fasterxml\jackson\core\jackson-databind\2.2.3\jackson-databind-2.2.3.jar;C:\Users\Владимир\.m2\repository\com\fasterxml\jackson\core\jackson-annotations\2.2.3\jackson-annotations-2.2.3.jar;C:\Users\Владимир\.m2\repository\com\fasterxml\jackson\core\jackson-core\2.2.3\jackson-core-2.2.3.jar;C:\Users\Владимир\.m2\repository\org\mozilla\rhino\1.7R4\rhino-1.7R4.jar;C:\Users\Владимир\.m2\repository\javax\mail\mailapi\1.4.3\mailapi-1.4.3.jar;C:\Users\Владимир\.m2\repository\javax\activation\activation\1.1\activation-1.1.jar;C:\Users\Владимир\.m2\repository\net\sf\jopt-simple\jopt-simple\4.6\jopt-simple-4.6.jar;C:\Users\Владимир\.m2\repository\org\testng\testng\6.14.3\testng-6.14.3.jar;C:\Users\Владимир\.m2\repository\com\beust\jcommander\1.72\jcommander-1.72.jar;C:\Users\Владимир\.m2\repository\org\apache-extras\beanshell\bsh\2.0b6\bsh-2.0b6.jar;C:\Users\Владимир\.m2\repository\org\apache\maven\surefire\surefire-testng-utils\2.21.0\surefire-testng-utils-2.21.0.jar;C:\Users\Владимир\.m2\repository\org\apache\maven\surefire\surefire-grouper\2.21.0\surefire-grouper-2.21.0.jar;"/>
    <property name="sun.cpu.endian" value="little"/>
    <property name="user.home" value="C:\Users\Владимир"/>
    <property name="user.language" value="ru"/>
    <property name="java.specification.vendor" value="Oracle Corporation"/>
    <property name="java.home" value="C:\Program Files\Java\jdk1.8.0_111\jre"/>
    <property name="basedir" value="C:\Users\Владимир\IdeaProjects\RESTAssuredTest"/>
    <property name="file.separator" value="\"/>
    <property name="line.separator" value="&#10;"/>
    <property name="java.vm.specification.vendor" value="Oracle Corporation"/>
    <property name="java.specification.name" value="Java Platform API Specification"/>
    <property name="java.awt.graphicsenv" value="sun.awt.Win32GraphicsEnvironment"/>
    <property name="surefire.real.class.path" value="C:\Users\18EE~1\AppData\Local\Temp\surefire4104592922970228916\surefirebooter8327940705419231389.jar"/>
    <property name="sun.boot.class.path" value="C:\Program Files\Java\jdk1.8.0_111\jre\lib\resources.jar;C:\Program Files\Java\jdk1.8.0_111\jre\lib\rt.jar;C:\Program Files\Java\jdk1.8.0_111\jre\lib\sunrsasign.jar;C:\Program Files\Java\jdk1.8.0_111\jre\lib\jsse.jar;C:\Program Files\Java\jdk1.8.0_111\jre\lib\jce.jar;C:\Program Files\Java\jdk1.8.0_111\jre\lib\charsets.jar;C:\Program Files\Java\jdk1.8.0_111\jre\lib\jfr.jar;C:\Program Files\Java\jdk1.8.0_111\jre\classes"/>
    <property name="user.script" value=""/>
    <property name="sun.management.compiler" value="HotSpot 64-Bit Tiered Compilers"/>
    <property name="java.runtime.version" value="1.8.0_111-b14"/>
    <property name="user.name" value="Владимир"/>
    <property name="path.separator" value=";"/>
    <property name="os.version" value="6.3"/>
    <property name="java.endorsed.dirs" value="C:\Program Files\Java\jdk1.8.0_111\jre\lib\endorsed"/>
    <property name="java.runtime.name" value="Java(TM) SE Runtime Environment"/>
    <property name="file.encoding" value="Cp1251"/>
    <property name="java.vm.name" value="Java HotSpot(TM) 64-Bit Server VM"/>
    <property name="localRepository" value="C:\Users\Владимир\.m2\repository"/>
    <property name="java.vendor.url.bug" value="http://bugreport.sun.com/bugreport/"/>
    <property name="java.io.tmpdir" value="C:\Users\18EE~1\AppData\Local\Temp\"/>
    <property name="java.version" value="1.8.0_111"/>
    <property name="user.dir" value="C:\Users\Владимир\IdeaProjects\RESTAssuredTest"/>
    <property name="os.arch" value="amd64"/>
    <property name="java.vm.specification.name" value="Java Virtual Machine Specification"/>
    <property name="java.awt.printerjob" value="sun.awt.windows.WPrinterJob"/>
    <property name="sun.os.patch.level" value=""/>
    <property name="java.library.path" value="C:\Program Files\Java\jdk1.8.0_111\jre\bin;C:\WINDOWS\Sun\Java\bin;C:\WINDOWS\system32;C:\WINDOWS;C:\Program Files\Broadcom\Broadcom 802.11 Network Adapter;C:\Program Files (x86)\NVIDIA Corporation\PhysX\Common;C:\Program Files (x86)\Intel\iCLS Client\;C:\Program Files\Intel\iCLS Client\;C:\WINDOWS\system32;C:\WINDOWS;C:\WINDOWS\System32\Wbem;C:\WINDOWS\System32\WindowsPowerShell\v1.0\;C:\Program Files (x86)\Windows Live\Shared;C:\Program Files\Intel\Intel(R) Management Engine Components\DAL;C:\Program Files\Intel\Intel(R) Management Engine Components\IPT;C:\Program Files (x86)\Intel\Intel(R) Management Engine Components\DAL;C:\Program Files (x86)\Intel\Intel(R) Management Engine Components\IPT;C:\Program Files (x86)\Intel\OpenCL SDK\2.0\bin\x86;C:\Program Files (x86)\Intel\OpenCL SDK\2.0\bin\x64;C:\Program Files\WIDCOMM\Bluetooth Software\;C:\Program Files\WIDCOMM\Bluetooth Software\syswow64;C:\Program Files (x86)\QuickTime\QTSystem\;C:\Program Files\Microsoft SQL Server\120\DTS\Binn\;C:\Program Files\Microsoft SQL Server\Client SDK\ODBC\110\Tools\Binn\;C:\Program Files (x86)\Microsoft SQL Server\120\Tools\Binn\;C:\Program Files\Microsoft SQL Server\120\Tools\Binn\;C:\Program Files (x86)\Microsoft SQL Server\120\Tools\Binn\ManagementStudio\;C:\Program Files (x86)\Microsoft SQL Server\120\DTS\Binn\;C:\Program Files\Java\jdk1.8.0_111\bin;D:\Tools\apache-maven-3.5.0\bin;D:\Tools\MySQL\bin;D:\Tools\apache-maven-3.5.0\bin;C:\Program Files (x86)\Skype\Phone\;D:\Tools\Git\cmd;."/>
    <property name="java.vm.info" value="mixed mode"/>
    <property name="java.vendor" value="Oracle Corporation"/>
    <property name="java.vm.version" value="25.111-b14"/>
    <property name="java.ext.dirs" value="C:\Program Files\Java\jdk1.8.0_111\jre\lib\ext;C:\WINDOWS\Sun\Java\lib\ext"/>
    <property name="sun.io.unicode.encoding" value="UnicodeLittle"/>
    <property name="java.class.version" value="52.0"/>
  </properties>
  <testcase name="getPlaceTest" classname="TestFramework.Basics" time="4.419"/>
  <testcase name="extractingNames" classname="TestFramework.Basics5" time="0.531"/>
  <testcase name="addAndDeletePlace" classname="TestFramework.addAndDeletePlace" time="0.816"/>
  <testcase name="postPlaceXML" classname="TestFramework.basicPostXML" time="0.359"/>
  <testcase name="createPlace" classname="TestFramework.basic2Post" time="0.344"/>
</testsuite>