<?xml version="1.0" encoding="UTF-8"?>
<!-- Generated by org.testng.reporters.JUnitReportReporter -->
<testsuite skipped="0" hostname="Vladimir-PK" name="TestFramework.AppTest" tests="1" failures="0" timestamp="13 июн 2018 20:08:08 GMT" time="0.001" errors="0">
  <testcase name="testApp" time="0.001" classname="TestFramework.AppTest"/>
</testsuite> <!-- TestFramework.AppTest -->
