<?xml version="1.0" encoding="UTF-8"?>
<!-- Generated by org.testng.reporters.JUnitReportReporter -->
<testsuite hostname="gds000596-nb.carina.griddynamics.net" failures="0" tests="1" name="TestFramework.addAndDeletePlace" time="0.917" errors="0" timestamp="20 Jun 2018 13:11:18 GMT" skipped="0">
  <testcase classname="TestFramework.addAndDeletePlace" name="addAndDeletePlace" time="0.917"/>
</testsuite> <!-- TestFramework.addAndDeletePlace -->
