<?xml version="1.0" encoding="UTF-8"?>
<!-- Generated by org.testng.reporters.JUnitReportReporter -->
<testsuite hostname="gds000596-nb.carina.griddynamics.net" failures="0" tests="1" name="TestFramework.Basics" time="4.438" errors="0" timestamp="20 Jun 2018 13:11:18 GMT" skipped="0">
  <testcase classname="TestFramework.Basics" name="getPlaceTest" time="4.438"/>
</testsuite> <!-- TestFramework.Basics -->
