<?xml version="1.0" encoding="UTF-8"?>
<!-- Generated by org.testng.reporters.JUnitReportReporter -->
<testsuite hostname="gds000596-nb.carina.griddynamics.net" failures="0" tests="1" name="TestFramework.basic2Post" time="0.303" errors="0" timestamp="20 Jun 2018 13:11:18 GMT" skipped="0">
  <testcase classname="TestFramework.basic2Post" name="createPlace" time="0.303"/>
</testsuite> <!-- TestFramework.basic2Post -->
