<?xml version="1.0" encoding="UTF-8"?>
<!-- Generated by org.testng.reporters.JUnitReportReporter -->
<testsuite skipped="0" hostname="Vladimir-PK" name="TestFramework.basic2Post" tests="1" failures="0" timestamp="15 июн 2018 19:28:23 GMT" time="0.344" errors="0">
  <testcase name="createPlace" time="0.344" classname="TestFramework.basic2Post"/>
</testsuite> <!-- TestFramework.basic2Post -->
