<?xml version="1.0" encoding="UTF-8"?>
<!-- Generated by org.testng.reporters.JUnitReportReporter -->
<testsuite skipped="0" hostname="Vladimir-PK" name="TestFramework.basicPostXML" tests="1" failures="0" timestamp="15 июн 2018 19:28:23 GMT" time="0.359" errors="0">
  <testcase name="postPlaceXML" time="0.359" classname="TestFramework.basicPostXML"/>
</testsuite> <!-- TestFramework.basicPostXML -->
