<?xml version="1.0" encoding="UTF-8"?>
<!-- Generated by org.testng.reporters.JUnitReportReporter -->
<testsuite skipped="0" hostname="Vladimir-PK" name="TestFramework.Basics5" tests="1" failures="0" timestamp="15 июн 2018 19:28:23 GMT" time="0.531" errors="0">
  <testcase name="extractingNames" time="0.531" classname="TestFramework.Basics5"/>
</testsuite> <!-- TestFramework.Basics5 -->
