<?xml version="1.0" encoding="UTF-8"?>
<!-- Generated by org.testng.reporters.JUnitReportReporter -->
<testsuite hostname="gds000596-nb.carina.griddynamics.net" failures="0" tests="1" name="TestFramework.addAndDeletePlace" time="0.941" errors="0" timestamp="21 Jun 2018 15:13:48 GMT">
  <testcase classname="TestFramework.addAndDeletePlace" name="addAndDeletePlace" time="0.941"/>
</testsuite> <!-- TestFramework.addAndDeletePlace -->
