<?xml version="1.0" encoding="UTF-8"?>
<!-- Generated by org.testng.reporters.JUnitReportReporter -->
<testsuite hostname="gds000596-nb.carina.griddynamics.net" failures="0" tests="1" name="TestFramework.basic2Post" time="0.304" errors="0" timestamp="21 Jun 2018 15:13:48 GMT">
  <testcase classname="TestFramework.basic2Post" name="createPlace" time="0.304"/>
</testsuite> <!-- TestFramework.basic2Post -->
