<?xml version="1.0" encoding="UTF-8"?>
<!-- Generated by org.testng.reporters.JUnitReportReporter -->
<testsuite hostname="gds000596-nb.carina.griddynamics.net" failures="0" tests="1" name="TestFramework.Basics" time="4.490" errors="0" timestamp="21 Jun 2018 15:13:48 GMT">
  <testcase classname="TestFramework.Basics" name="getPlaceTest" time="4.490"/>
</testsuite> <!-- TestFramework.Basics -->
