<?xml version="1.0" encoding="UTF-8"?>
<!-- Generated by org.testng.reporters.JUnitReportReporter -->
<testsuite hostname="gds000596-nb.carina.griddynamics.net" failures="0" tests="1" name="TestFramework.Basics5" time="0.688" errors="0" timestamp="20 Jun 2018 13:11:18 GMT" skipped="0">
  <testcase classname="TestFramework.Basics5" name="extractingNames" time="0.688"/>
</testsuite> <!-- TestFramework.Basics5 -->
