<?xml version="1.0" encoding="UTF-8"?>
<!-- Generated by org.testng.reporters.JUnitReportReporter -->
<testsuite hostname="gds000596-nb.carina.griddynamics.net" failures="0" tests="1" name="TestFramework.Basics5" time="0.761" errors="0" timestamp="21 Jun 2018 15:13:48 GMT">
  <testcase classname="TestFramework.Basics5" name="extractingNames" time="0.761"/>
</testsuite> <!-- TestFramework.Basics5 -->
